android/app/build/intermediates/manifest_merge_blame_file/debug/manifest-merger-blame-debug-report.txt
1<?xml version="1.0" encoding="utf-8"?>
2<manifest xmlns:android="http://schemas.android.com/apk/res/android"
3    package="com.payunicard"
4    android:versionCode="1"
5    android:versionName="1.0" >
6
7    <uses-sdk
8        android:minSdkVersion="21"
9        android:targetSdkVersion="29" />
10
11    <uses-permission android:name="android.permission.SYSTEM_ALERT_WINDOW" />
11-->src\debug\AndroidManifest.xml:5:5-77
11-->src\debug\AndroidManifest.xml:5:22-75
12    <uses-permission android:name="android.permission.INTERNET" />
12-->src\main\AndroidManifest.xml:4:5-67
12-->src\main\AndroidManifest.xml:4:22-64
13    <uses-permission android:name="android.permission.READ_EXTERNAL_STORAGE" />
13-->src\main\AndroidManifest.xml:5:5-80
13-->src\main\AndroidManifest.xml:5:22-77
14    <uses-permission android:name="android.permission.WRITE_EXTERNAL_STORAGE" />
14-->src\main\AndroidManifest.xml:6:5-81
14-->src\main\AndroidManifest.xml:6:22-78
15    <uses-permission android:name="android.permission.DOWNLOAD_WITHOUT_NOTIFICATION" />
15-->src\main\AndroidManifest.xml:7:5-88
15-->src\main\AndroidManifest.xml:7:22-85
16    <uses-permission android:name="android.permission.ACCESS_NETWORK_STATE" />
16-->src\main\AndroidManifest.xml:8:5-79
16-->src\main\AndroidManifest.xml:8:22-76
17    <uses-permission android:name="android.permission.ACCESS_WIFI_STATE" /> <!-- Required to access Google Play Licensing -->
17-->[com.facebook.flipper:flipper:0.75.1] AndroidManifest.xml:16:5-76
17-->[com.facebook.flipper:flipper:0.75.1] AndroidManifest.xml:16:22-73
18    <uses-permission android:name="com.android.vending.CHECK_LICENSE" />
18-->[:rn-fetch-blob] AndroidManifest.xml:12:5-73
18-->[:rn-fetch-blob] AndroidManifest.xml:12:22-70
19    <!--
20         Required to keep CPU alive while downloading files
21        (NOT to keep screen awake)
22    -->
23    <uses-permission android:name="android.permission.WAKE_LOCK" />
23-->[:rn-fetch-blob] AndroidManifest.xml:21:5-68
23-->[:rn-fetch-blob] AndroidManifest.xml:21:22-65
24    <uses-permission android:name="android.permission.CAMERA" />
24-->[com.kvalifika:facetec:9.0.4] AndroidManifest.xml:13:5-65
24-->[com.kvalifika:facetec:9.0.4] AndroidManifest.xml:13:22-62
25
26    <uses-feature
26-->[com.kvalifika:facetec:9.0.4] AndroidManifest.xml:17:5-19:36
27        android:name="android.hardware.camera"
27-->[com.kvalifika:facetec:9.0.4] AndroidManifest.xml:18:9-47
28        android:required="false" />
28-->[com.kvalifika:facetec:9.0.4] AndroidManifest.xml:19:9-33
29    <uses-feature
29-->[com.kvalifika:facetec:9.0.4] AndroidManifest.xml:20:5-22:36
30        android:name="android.hardware.camera.front"
30-->[com.kvalifika:facetec:9.0.4] AndroidManifest.xml:21:9-53
31        android:required="false" />
31-->[com.kvalifika:facetec:9.0.4] AndroidManifest.xml:22:9-33
32    <uses-feature
32-->[com.kvalifika:facetec:9.0.4] AndroidManifest.xml:23:5-25:36
33        android:name="android.hardware.camera.autofocus"
33-->[com.kvalifika:facetec:9.0.4] AndroidManifest.xml:24:9-57
34        android:required="false" />
34-->[com.kvalifika:facetec:9.0.4] AndroidManifest.xml:25:9-33
35
36    <application
36-->src\main\AndroidManifest.xml:10:5-31:19
37        android:name="com.payunicard.MainApplication"
37-->src\main\AndroidManifest.xml:11:7-38
38        android:allowBackup="false"
38-->src\main\AndroidManifest.xml:15:7-34
39        android:appComponentFactory="androidx.core.app.CoreComponentFactory"
39-->[androidx.core:core:1.3.2] AndroidManifest.xml:24:18-86
40        android:debuggable="true"
41        android:hardwareAccelerated="true"
41-->[com.kvalifika:facetec:9.0.4] AndroidManifest.xml:28:9-43
42        android:icon="@mipmap/ic_launcher"
42-->src\main\AndroidManifest.xml:13:7-41
43        android:label="@string/app_name"
43-->src\main\AndroidManifest.xml:12:7-39
44        android:largeHeap="true"
44-->[com.kvalifika:facetec:9.0.4] AndroidManifest.xml:29:9-33
45        android:requestLegacyExternalStorage="true"
45-->src\main\AndroidManifest.xml:16:7-50
46        android:roundIcon="@mipmap/ic_launcher_round"
46-->src\main\AndroidManifest.xml:14:7-52
47        android:theme="@style/AppTheme"
47-->src\main\AndroidManifest.xml:17:7-38
48        android:usesCleartextTraffic="true" >
48-->src\debug\AndroidManifest.xml:8:9-44
49        <activity android:name="com.facebook.react.devsupport.DevSettingsActivity" />
49-->src\debug\AndroidManifest.xml:11:9-86
49-->src\debug\AndroidManifest.xml:11:19-83
50        <activity
50-->src\main\AndroidManifest.xml:18:7-30:18
51            android:name="com.payunicard.MainActivity"
51-->src\main\AndroidManifest.xml:19:9-37
52            android:configChanges="keyboard|keyboardHidden|orientation|screenSize|uiMode"
52-->src\main\AndroidManifest.xml:22:9-86
53            android:label="@string/app_name"
53-->src\main\AndroidManifest.xml:20:9-41
54            android:launchMode="singleTask"
54-->src\main\AndroidManifest.xml:23:9-40
55            android:screenOrientation="portrait"
55-->src\main\AndroidManifest.xml:21:9-45
56            android:windowSoftInputMode="adjustPan" >
56-->src\main\AndroidManifest.xml:24:9-48
57            <intent-filter>
57-->src\main\AndroidManifest.xml:25:9-29:25
58                <action android:name="android.intent.action.MAIN" />
58-->src\main\AndroidManifest.xml:26:13-65
58-->src\main\AndroidManifest.xml:26:21-62
59
60                <category android:name="android.intent.category.LAUNCHER" />
60-->src\main\AndroidManifest.xml:27:13-73
60-->src\main\AndroidManifest.xml:27:23-70
61
62                <action android:name="android.intent.action.DOWNLOAD_COMPLETE" />
62-->src\main\AndroidManifest.xml:28:13-77
62-->src\main\AndroidManifest.xml:28:21-75
63            </intent-filter>
64        </activity>
65
66        <meta-data
66-->[:sentry_react-native] AndroidManifest.xml:15:9-17:37
67            android:name="io.sentry.auto-init"
67-->[:sentry_react-native] AndroidManifest.xml:16:13-47
68            android:value="false" />
68-->[:sentry_react-native] AndroidManifest.xml:17:13-34
69
70        <activity android:name="com.masteratul.exceptionhandler.DefaultErrorScreen" >
70-->[:react-native-exception-handler] AndroidManifest.xml:12:9-13:20
70-->[:react-native-exception-handler] AndroidManifest.xml:12:19-84
71        </activity>
72
73        <provider
73-->[:react-native-webview] AndroidManifest.xml:12:9-20:20
74            android:name="com.reactnativecommunity.webview.RNCWebViewFileProvider"
74-->[:react-native-webview] AndroidManifest.xml:13:13-83
75            android:authorities="com.payunicard.fileprovider"
75-->[:react-native-webview] AndroidManifest.xml:14:13-64
76            android:exported="false"
76-->[:react-native-webview] AndroidManifest.xml:15:13-37
77            android:grantUriPermissions="true" >
77-->[:react-native-webview] AndroidManifest.xml:16:13-47
78            <meta-data
78-->[:react-native-webview] AndroidManifest.xml:17:13-19:63
79                android:name="android.support.FILE_PROVIDER_PATHS"
79-->[:react-native-webview] AndroidManifest.xml:18:17-67
80                android:resource="@xml/file_provider_paths" />
80-->[:react-native-webview] AndroidManifest.xml:19:17-60
81        </provider>
82        <provider
82-->[:rn-fetch-blob] AndroidManifest.xml:36:9-44:20
83            android:name="com.RNFetchBlob.Utils.FileProvider"
83-->[:rn-fetch-blob] AndroidManifest.xml:37:13-62
84            android:authorities="com.payunicard.provider"
84-->[:rn-fetch-blob] AndroidManifest.xml:38:13-60
85            android:exported="false"
85-->[:rn-fetch-blob] AndroidManifest.xml:39:13-37
86            android:grantUriPermissions="true" >
86-->[:rn-fetch-blob] AndroidManifest.xml:40:13-47
87            <meta-data
87-->[:react-native-webview] AndroidManifest.xml:17:13-19:63
88                android:name="android.support.FILE_PROVIDER_PATHS"
88-->[:react-native-webview] AndroidManifest.xml:18:17-67
89                android:resource="@xml/provider_paths" />
89-->[:react-native-webview] AndroidManifest.xml:19:17-60
90        </provider> <!-- 'android:authorities' must be unique in the device, across all apps -->
91        <provider
91-->[io.sentry:sentry-android-core:5.2.0] AndroidManifest.xml:14:9-17:40
92            android:name="io.sentry.android.core.SentryInitProvider"
92-->[io.sentry:sentry-android-core:5.2.0] AndroidManifest.xml:15:13-69
93            android:authorities="com.payunicard.SentryInitProvider"
93-->[io.sentry:sentry-android-core:5.2.0] AndroidManifest.xml:16:13-70
94            android:exported="false" />
94-->[io.sentry:sentry-android-core:5.2.0] AndroidManifest.xml:17:13-37
95        <provider
95-->[io.sentry:sentry-android-core:5.2.0] AndroidManifest.xml:18:9-22:39
96            android:name="io.sentry.android.core.SentryPerformanceProvider"
96-->[io.sentry:sentry-android-core:5.2.0] AndroidManifest.xml:19:13-76
97            android:authorities="com.payunicard.SentryPerformanceProvider"
97-->[io.sentry:sentry-android-core:5.2.0] AndroidManifest.xml:20:13-77
98            android:exported="false"
98-->[io.sentry:sentry-android-core:5.2.0] AndroidManifest.xml:21:13-37
99            android:initOrder="200" />
99-->[io.sentry:sentry-android-core:5.2.0] AndroidManifest.xml:22:13-36
100        <provider
100-->[androidx.lifecycle:lifecycle-process:2.2.0] AndroidManifest.xml:25:9-29:43
101            android:name="androidx.lifecycle.ProcessLifecycleOwnerInitializer"
101-->[androidx.lifecycle:lifecycle-process:2.2.0] AndroidManifest.xml:26:13-79
102            android:authorities="com.payunicard.lifecycle-process"
102-->[androidx.lifecycle:lifecycle-process:2.2.0] AndroidManifest.xml:27:13-69
103            android:exported="false"
103-->[androidx.lifecycle:lifecycle-process:2.2.0] AndroidManifest.xml:28:13-37
104            android:multiprocess="true" />
104-->[androidx.lifecycle:lifecycle-process:2.2.0] AndroidManifest.xml:29:13-40
105
106        <activity
106-->[com.kvalifika:facetec:9.0.4] AndroidManifest.xml:30:9-37:20
107            android:name="com.facetec.sdk.FaceTecSessionActivity"
107-->[com.kvalifika:facetec:9.0.4] AndroidManifest.xml:31:13-66
108            android:configChanges="orientation|keyboardHidden|screenSize"
108-->[com.kvalifika:facetec:9.0.4] AndroidManifest.xml:32:13-74
109            android:excludeFromRecents="true"
109-->[com.kvalifika:facetec:9.0.4] AndroidManifest.xml:33:13-46
110            android:resizeableActivity="false"
110-->[com.kvalifika:facetec:9.0.4] AndroidManifest.xml:34:13-47
111            android:supportsRtl="true"
111-->[com.kvalifika:facetec:9.0.4] AndroidManifest.xml:35:13-39
112            android:theme="@style/Theme.AppCompat.Translucent" >
112-->[com.kvalifika:facetec:9.0.4] AndroidManifest.xml:36:13-63
113        </activity>
114    </application>
115
116</manifest>